{"C:\\Users\\LeoVV\\Documents\\estudos\\JavaScript\\Testing js\\testando javascript\\Cap II - Intro to JavaScript Mocking Fundamentals\\mock\\src\\thumb-war.js": {"path":"C:\\Users\\LeoVV\\Documents\\estudos\\JavaScript\\Testing js\\testando javascript\\Cap II - Intro to JavaScript Mocking Fundamentals\\mock\\src\\thumb-war.js","statementMap":{"0":{"start":{"line":1,"column":14},"end":{"line":1,"column":32}},"1":{"start":{"line":4,"column":22},"end":{"line":4,"column":23}},"2":{"start":{"line":5,"column":20},"end":{"line":5,"column":21}},"3":{"start":{"line":6,"column":20},"end":{"line":6,"column":21}},"4":{"start":{"line":7,"column":2},"end":{"line":14,"column":3}},"5":{"start":{"line":8,"column":19},"end":{"line":8,"column":52}},"6":{"start":{"line":9,"column":4},"end":{"line":13,"column":5}},"7":{"start":{"line":10,"column":6},"end":{"line":10,"column":19}},"8":{"start":{"line":11,"column":11},"end":{"line":13,"column":5}},"9":{"start":{"line":12,"column":6},"end":{"line":12,"column":19}},"10":{"start":{"line":15,"column":2},"end":{"line":15,"column":54}},"11":{"start":{"line":18,"column":0},"end":{"line":18,"column":25}}},"fnMap":{"0":{"name":"thumbWar","decl":{"start":{"line":3,"column":9},"end":{"line":3,"column":17}},"loc":{"start":{"line":3,"column":36},"end":{"line":16,"column":1}},"line":3}},"branchMap":{"0":{"loc":{"start":{"line":7,"column":9},"end":{"line":7,"column":63}},"type":"binary-expr","locations":[{"start":{"line":7,"column":9},"end":{"line":7,"column":34}},{"start":{"line":7,"column":38},"end":{"line":7,"column":63}}],"line":7},"1":{"loc":{"start":{"line":9,"column":4},"end":{"line":13,"column":5}},"type":"if","locations":[{"start":{"line":9,"column":4},"end":{"line":13,"column":5}},{"start":{"line":9,"column":4},"end":{"line":13,"column":5}}],"line":9},"2":{"loc":{"start":{"line":11,"column":11},"end":{"line":13,"column":5}},"type":"if","locations":[{"start":{"line":11,"column":11},"end":{"line":13,"column":5}},{"start":{"line":11,"column":11},"end":{"line":13,"column":5}}],"line":11},"3":{"loc":{"start":{"line":15,"column":9},"end":{"line":15,"column":54}},"type":"cond-expr","locations":[{"start":{"line":15,"column":37},"end":{"line":15,"column":44}},{"start":{"line":15,"column":47},"end":{"line":15,"column":54}}],"line":15}},"s":{"0":4,"1":4,"2":4,"3":4,"4":4,"5":8,"6":8,"7":8,"8":0,"9":0,"10":4,"11":4},"f":{"0":4},"b":{"0":[12,8],"1":[8,0],"2":[0,0],"3":[4,0]},"_coverageSchema":"1a1c01bbd47fc00a2c39e90264f33305004495a9","hash":"e50cfaf2e652bac64f9407b5b2b2b9e7b3cdb973"}
,"C:\\Users\\LeoVV\\Documents\\estudos\\JavaScript\\Testing js\\testando javascript\\Cap II - Intro to JavaScript Mocking Fundamentals\\mock\\src\\utils.js": {"path":"C:\\Users\\LeoVV\\Documents\\estudos\\JavaScript\\Testing js\\testando javascript\\Cap II - Intro to JavaScript Mocking Fundamentals\\mock\\src\\utils.js","statementMap":{"0":{"start":{"line":7,"column":24},"end":{"line":7,"column":37}},"1":{"start":{"line":8,"column":2},"end":{"line":12,"column":12}},"2":{"start":{"line":15,"column":0},"end":{"line":15,"column":28}}},"fnMap":{"0":{"name":"getWinner","decl":{"start":{"line":6,"column":9},"end":{"line":6,"column":18}},"loc":{"start":{"line":6,"column":37},"end":{"line":13,"column":1}},"line":6}},"branchMap":{"0":{"loc":{"start":{"line":8,"column":9},"end":{"line":12,"column":12}},"type":"cond-expr","locations":[{"start":{"line":9,"column":6},"end":{"line":9,"column":13}},{"start":{"line":10,"column":6},"end":{"line":12,"column":12}}],"line":8},"1":{"loc":{"start":{"line":10,"column":6},"end":{"line":12,"column":12}},"type":"cond-expr","locations":[{"start":{"line":11,"column":8},"end":{"line":11,"column":15}},{"start":{"line":12,"column":8},"end":{"line":12,"column":12}}],"line":10}},"s":{"0":0,"1":0,"2":2},"f":{"0":0},"b":{"0":[0,0],"1":[0,0]},"_coverageSchema":"1a1c01bbd47fc00a2c39e90264f33305004495a9","hash":"7f15daa6298e92597b3b9ea29505e9152ae2d93a"}
}
